<?xml version="1.0" encoding="UTF-8"?>
<testng-results ignored="0" total="1" passed="1" failed="0" skipped="0">
  <reporter-output>
  </reporter-output>
  <suite started-at="2021-09-16T14:02:23 IST" name="Default suite" finished-at="2021-09-16T14:02:44 IST" duration-ms="20812">
    <groups>
    </groups>
    <test started-at="2021-09-16T14:02:23 IST" name="Default test" finished-at="2021-09-16T14:02:44 IST" duration-ms="20812">
      <class name="com.aqua.selenium.VerifyLogin">
        <test-method signature="verifyValidLogin()[pri:0, instance:com.aqua.selenium.VerifyLogin@15aab8c6]" started-at="2021-09-16T14:02:23 IST" name="verifyValidLogin" finished-at="2021-09-16T14:02:44 IST" duration-ms="20714" status="PASS">
          <reporter-output>
          </reporter-output>
        </test-method> <!-- verifyValidLogin -->
      </class> <!-- com.aqua.selenium.VerifyLogin -->
    </test> <!-- Default test -->
  </suite> <!-- Default suite -->
</testng-results>
